(pyphone-py3.10) ➜  pyphone baresip -T -v
baresip v3.10.1 Copyright (C) 2010 - 2024 Alfred E. Heggestad et al.
12:08:23.860|Local network addresses:
12:08:23.860|       eth0:  192.168.15.2
12:08:23.860|       eth0:  fe80::215:5dff:febf:2aa3
12:08:23.862|uag: add local address 192.168.15.2
12:08:23.864|ua: adding SIP CA file: /etc/ssl/certs/ca-certificates.crt
12:08:23.864|ua: adding SIP CA path:
12:08:23.934|uag: add local address fe80::215:5dff:febf:2aa3
12:08:23.936|ui: stdio
12:08:23.936|aucodec: PCMU/8000/1
12:08:23.936|aucodec: PCMA/8000/1
12:08:23.937|aufilt: auconv
12:08:23.937|aufilt: auresamp
12:08:23.943|ausrc: alsa
12:08:23.943|auplay: alsa
12:08:23.943|ausrc: aubridge
12:08:23.943|auplay: aubridge
12:08:23.945|uuid: loaded UUID 88541600-6571-c52b-f38e-c2bb061b21a1 from file /home/souzaf/.baresip/uuid
12:08:23.946|medianat: stun
12:08:23.946|medianat: turn
12:08:23.947|medianat: ice
12:08:23.948|module: loading app account.so
12:08:23.949|ua: ua_register sip:1001@server.com
12:08:23.950|Populated 1 account
12:08:23.950|module: loading app contact.so
12:08:23.950|Populated 3 contacts
12:08:23.950|module: loading app debug_cmd.so
12:08:23.950|module: loading app menu.so
12:08:23.952|module: loading app syslog.so
12:08:23.953|module: loading app netroam.so
12:08:23.954|Populated 2 audio codecs
12:08:23.954|Populated 2 audio filters
12:08:23.954|Populated 0 video codecs
12:08:23.954|Populated 0 video filters
12:08:23.954|baresip is ready.
12:08:25.217|1001@server.com: (prio 0) {0/TCP/v4} 200 OK (SERVER.COM) [4 bindings]
All 1 useragent registered successfully! (1268 ms)
/dial 1001
12:08:37.510|1001@server.com: selected for request
call uri: 1001
12:08:37.510|call: alloc with params laddr=192.168.15.2, af=AF_INET, use_rtp=1
12:08:37.513|call: use_video=0
12:08:37.513|call: connecting to 'sip:1001@server.com;transport=tcp'..
call id: 754f4ae4a743e87c
12:08:37.785|call: SIP Progress: 100 trying -- your call is important to us (/)
12:08:38.746|call: SIP Progress: 183 Session Progress (application/sdp)
12:08:38.746|1001@server.com: Call in-progress: sip:1001@server.com;transport=tcp
12:08:38.747|call: stream start (active=0)
12:08:38.747|stream: enable audio RTP receiver
12:08:38.747|call: got SDP answer (332 bytes)
12:08:38.747|call: update media
12:08:38.747|stream: update 'audio'
12:08:38.747|stream: disable audio RTP receiver
12:08:38.747|stream: disable audio RTP sender
12:08:38.747|stream: enable audio RTP receiver
12:08:38.747|stream: enable audio RTP sender
12:08:38.747|stream: audio: starting RTCP with remote 192.168.15.2:12555
12:08:38.750|audio: update
12:08:38.750|audio: Set audio decoder: PCMU 8000Hz 1ch
12:08:38.750|audio: start
12:08:38.826|alsa: reset: srate=8000, ch=1, num_frames=160, pcmfmt=S16_LE
12:08:39.132|alsa: playback started (default)
12:08:39.132|audio: player started with sample format S16LE
12:08:39.132|audio: Set audio encoder: PCMU 8000Hz 1ch
12:08:39.132|audio: start
12:08:39.134|alsa: reset: srate=8000, ch=1, num_frames=160, pcmfmt=S16_LE
12:08:42.081|alsa: recording started (default) format=S16LE
12:08:42.081|audio: source started with sample format S16LE
12:08:42.081|audio tx pipeline:        alsa ---> aubuf ---> auconv ---> auresamp ---> PCMU
audio rx pipeline:        alsa <--- aubuf <--- auconv <--- auresamp <--- PCMU
12:08:43.740|auresamp: resample encoder 8000/1 --> 8000/1
12:08:44.031|stream: incoming rtp for 'audio' established, receiving from 192.168.15.2:12554
12:08:44.124|auresamp: resample decoder 8000/1 --> 8000/1
12:08:44.124|audio_recv: create audio buffer [20 - 160 ms] [320 - 2560 bytes]
12:08:57.214|call: terminate call '754f4ae4a743e87c' with sip:1001@server.com;transport=tcp
12:08:57.215|alsa: stopping recording thread (default)
12:09:00.139|stream: disable audio RTP receiver
12:09:00.139|stream: disable audio RTP sender
12:09:00.139|alsa: stopping playback thread (default)
12:09:05.032|stream: disable audio RTP receiver
12:09:05.032|stream: disable audio RTP sender
12:09:05.032|audio: destroyed (started=0)
12:09:05.032|stream: disable audio RTP receiver
12:09:05.032|stream: disable audio RTP sender
/dial 1002
12:10:10.564|1001@server.com: selected for request
call uri: 1002
12:10:10.564|call: alloc with params laddr=192.168.15.2, af=AF_INET, use_rtp=1
12:10:10.564|call: use_video=0
12:10:10.565|call: connecting to 'sip:1002@server.com;transport=tcp'..
call id: b4c73399f64d1790
12:10:10.896|call: SIP Progress: 100 trying -- your call is important to us (/)
12:10:14.344|call: SIP Progress: 183 Session Progress (application/sdp)
12:10:14.344|1001@server.com: Call in-progress: sip:1002@server.com;transport=tcp
12:10:14.344|call: stream start (active=0)
12:10:14.344|stream: enable audio RTP receiver
12:10:14.344|call: got SDP answer (332 bytes)
12:10:14.344|call: update media
12:10:14.344|stream: update 'audio'
12:10:14.345|stream: disable audio RTP receiver
12:10:14.345|stream: disable audio RTP sender
12:10:14.345|stream: enable audio RTP receiver
12:10:14.345|stream: enable audio RTP sender
12:10:14.345|stream: audio: starting RTCP with remote 192.168.15.2:12079
12:10:14.345|audio: update
12:10:14.345|audio: Set audio decoder: PCMU 8000Hz 1ch
12:10:14.345|audio: start
12:10:14.348|alsa: reset: srate=8000, ch=1, num_frames=160, pcmfmt=S16_LE
12:10:14.355|alsa: playback started (default)
12:10:14.356|audio: player started with sample format S16LE
12:10:14.356|audio: Set audio encoder: PCMU 8000Hz 1ch
12:10:14.356|audio: start
12:10:14.357|alsa: reset: srate=8000, ch=1, num_frames=160, pcmfmt=S16_LE
12:10:16.962|alsa: recording started (default) format=S16LE
12:10:16.962|audio: source started with sample format S16LE
12:10:16.962|audio tx pipeline:        alsa ---> aubuf ---> auconv ---> auresamp ---> PCMU
audio rx pipeline:        alsa <--- aubuf <--- auconv <--- auresamp <--- PCMU
12:10:17.606|auresamp: resample encoder 8000/1 --> 8000/1
12:10:17.875|stream: incoming rtp for 'audio' established, receiving from 192.168.15.2:12078
12:10:17.976|auresamp: resample decoder 8000/1 --> 8000/1
12:10:17.976|audio_recv: create audio buffer [20 - 160 ms] [320 - 2560 bytes]
12:10:26.952|call: got SDP answer (332 bytes)
12:10:26.952|1001@server.com: Call answered: sip:1002@server.com;transport=tcp
12:10:26.952|call: update media
12:10:26.952|stream: update 'audio'
12:10:26.952|stream: disable audio RTP receiver
12:10:26.952|stream: disable audio RTP sender
12:10:26.952|stream: enable audio RTP receiver
12:10:26.952|stream: enable audio RTP sender
12:10:26.952|stream: audio: starting RTCP with remote 192.168.15.2:12079
12:10:26.952|audio: update
12:10:26.952|audio: Set audio decoder: PCMU 8000Hz 1ch
12:10:26.952|call: stream start (active=1)
12:10:26.952|audio: Set audio decoder: PCMU 8000Hz 1ch
12:10:26.952|audio: start
12:10:26.952|stream: enable audio RTP receiver
12:10:26.952|stream: enable audio RTP sender
12:10:26.952|1001@server.com: Call established: sip:1002@server.com;transport=tcp
12:10:58.739|sip:1002@server.com;transport=tcp: session closed: Connection reset by peer [104]
12:10:58.739|alsa: stopping recording thread (default)
12:11:00.427|stream: disable audio RTP receiver
12:11:00.427|stream: disable audio RTP sender
12:11:00.427|alsa: stopping playback thread (default)
12:11:09.120|sip:1001@server.com: Call with sip:1002@server.com;transport=tcp terminated (duration: 43 secs)
12:11:09.120|stream: disable audio RTP receiver
12:11:09.120|stream: disable audio RTP sender
12:11:09.120|audio: destroyed (started=0)
12:11:09.120|stream: disable audio RTP receiver
12:11:09.120|stream: disable audio RTP sender
/dial 000000000
12:12:06.668|1001@server.com: selected for request
call uri: 000000000
12:12:06.668|call: alloc with params laddr=192.168.15.2, af=AF_INET, use_rtp=1
12:12:06.669|call: use_video=0
12:12:06.669|call: connecting to 'sip:000000000@server.com;transport=tcp'..
call id: b9750db2ddb9cf83
12:12:06.936|call: SIP Progress: 100 trying -- your call is important to us (/)
12:12:07.169|sip:000000000@server.com;transport=tcp: session closed: 404 Not Found
12:12:07.169|stream: disable audio RTP receiver
12:12:07.169|stream: disable audio RTP sender
12:12:07.179|alsa: reset: srate=8000, ch=1, num_frames=320, pcmfmt=S16_LE
12:12:07.187|alsa: playback started (default)
12:12:07.188|stream: disable audio RTP receiver
12:12:07.188|stream: disable audio RTP sender
12:12:07.188|audio: destroyed (started=0)
12:12:07.188|stream: disable audio RTP receiver
12:12:07.188|stream: disable audio RTP sender
12:12:09.077|play: player complete.
12:12:09.077|alsa: stopping playback thread (default)
/dial 1003
12:14:16.556|1001@server.com: selected for request
call uri: 1003
12:14:16.556|call: alloc with params laddr=192.168.15.2, af=AF_INET, use_rtp=1
12:14:16.556|call: use_video=0
12:14:16.556|call: connecting to 'sip:1003@server.com;transport=tcp'..
call id: 80411d71247bcb74
12:14:16.823|call: SIP Progress: 100 trying -- your call is important to us (/)
12:14:18.295|call: SIP Progress: 183 Session Progress (application/sdp)
12:14:18.295|1001@server.com: Call in-progress: sip:1003@server.com;transport=tcp
12:14:18.296|call: stream start (active=0)
12:14:18.296|stream: enable audio RTP receiver
12:14:18.296|call: got SDP answer (334 bytes)
12:14:18.296|call: update media
12:14:18.296|stream: update 'audio'
12:14:18.296|stream: disable audio RTP receiver
12:14:18.296|stream: disable audio RTP sender
12:14:18.296|stream: enable audio RTP receiver
12:14:18.296|stream: enable audio RTP sender
12:14:18.296|stream: audio: starting RTCP with remote 192.168.15.2:10531
12:14:18.296|audio: update
12:14:18.297|audio: Set audio decoder: PCMU 8000Hz 1ch
12:14:18.297|audio: start
12:14:18.298|alsa: reset: srate=8000, ch=1, num_frames=160, pcmfmt=S16_LE
12:14:18.308|alsa: playback started (default)
12:14:18.308|audio: player started with sample format S16LE
12:14:18.308|audio: Set audio encoder: PCMU 8000Hz 1ch
12:14:18.308|audio: start
12:14:18.310|alsa: reset: srate=8000, ch=1, num_frames=160, pcmfmt=S16_LE
12:14:21.303|alsa: recording started (default) format=S16LE
12:14:21.303|audio: source started with sample format S16LE
12:14:21.303|audio tx pipeline:        alsa ---> aubuf ---> auconv ---> auresamp ---> PCMU
audio rx pipeline:        alsa <--- aubuf <--- auconv <--- auresamp <--- PCMU
12:14:22.959|auresamp: resample encoder 8000/1 --> 8000/1
12:14:23.225|stream: incoming rtp for 'audio' established, receiving from 192.168.15.2:10530
12:14:23.325|auresamp: resample decoder 8000/1 --> 8000/1
12:14:23.326|audio_recv: create audio buffer [20 - 160 ms] [320 - 2560 bytes]
12:15:18.297|call: SIP Progress: 183 Session Progress (application/sdp)
12:15:18.297|1001@server.com: Call in-progress: sip:1003@server.com;transport=tcp
12:15:18.298|call: stream start (active=0)
12:15:18.298|audio: Set audio decoder: PCMU 8000Hz 1ch
12:15:18.298|audio: start
12:15:18.298|stream: enable audio RTP receiver
12:15:18.298|stream: enable audio RTP sender
12:15:18.298|call: got SDP answer (334 bytes)
12:15:18.298|call: update media
12:15:18.298|stream: update 'audio'
12:15:18.298|stream: disable audio RTP receiver
12:15:18.298|stream: disable audio RTP sender
12:15:18.298|stream: enable audio RTP receiver
12:15:18.298|stream: enable audio RTP sender
12:15:18.298|stream: audio: starting RTCP with remote 192.168.15.2:10531
12:15:18.298|audio: update
12:15:18.298|audio: Set audio decoder: PCMU 8000Hz 1ch
12:15:52.060|sip:1003@server.com;transport=tcp: session closed: 480 Temporarily unavailable
12:15:52.060|alsa: stopping recording thread (default)
12:15:54.801|stream: disable audio RTP receiver
12:15:54.801|stream: disable audio RTP sender
12:15:54.801|alsa: stopping playback thread (default)
12:15:59.702|alsa: reset: srate=8000, ch=1, num_frames=320, pcmfmt=S16_LE
12:15:59.707|alsa: playback started (default)
12:15:59.708|stream: disable audio RTP receiver
12:15:59.708|stream: disable audio RTP sender
12:15:59.708|audio: destroyed (started=0)
12:15:59.708|stream: disable audio RTP receiver
12:15:59.708|stream: disable audio RTP sender
12:16:01.597|play: player complete.
12:16:01.597|alsa: stopping playback thread (default)